<?xml version="1.0" encoding="UTF-8"?>
<!-- Generated by org.testng.reporters.JUnitXMLReporter -->
<testsuite ignored="0" hostname="LAPTOP-CARFPD6P" failures="1" tests="8" name="testngTest" time="43.88" errors="0" timestamp="15 Feb 2022 06:29:18 GMT">
  <testcase classname="First_Package.Second" name="googleTitleTest" time="0.093">
    <failure type="java.lang.AssertionError" message="Title is not matched expected [oogle] but found [Google]">
      <![CDATA[java.lang.AssertionError: Title is not matched expected [oogle] but found [Google]
	at First_Package.Second.googleTitleTest(Second.java:59)
... Removed 30 stack frames]]>
    </failure>
  </testcase> <!-- googleTitleTest -->
  <testcase classname="First_Package.Second" name="infiniteLoopTest" time="2.065"/>
  <testcase classname="First_Package.Second" name="numberFormatException" time="0.005"/>
  <testcase classname="First_Package.Second" name="googleLogoTest" time="0.0">
    <skipped/>
  </testcase> <!-- googleLogoTest -->
  <testcase classname="First_Package.Second" name="googleSearch" time="0.0">
    <skipped/>
  </testcase> <!-- googleSearch -->
  <testcase classname="First_Package.Second" name="mailLinkTest" time="0.0">
    <skipped/>
  </testcase> <!-- mailLinkTest -->
  <testcase classname="First_Package.First" name="googleTitleTest" time="0.003"/>
  <testcase classname="First_Package.First" name="searchTest" time="0.003"/>
</testsuite> <!-- testngTest -->
